{"log":
 [{"message":
   ".> LEAN_PATH=/Users/richardzandi/godelnumbering/.lake/packages/Cli/.lake/build/lib/lean:/Users/richardzandi/godelnumbering/.lake/packages/batteries/.lake/build/lib/lean:/Users/richardzandi/godelnumbering/.lake/packages/Qq/.lake/build/lib/lean:/Users/richardzandi/godelnumbering/.lake/packages/aesop/.lake/build/lib/lean:/Users/richardzandi/godelnumbering/.lake/packages/proofwidgets/.lake/build/lib/lean:/Users/richardzandi/godelnumbering/.lake/packages/importGraph/.lake/build/lib/lean:/Users/richardzandi/godelnumbering/.lake/packages/LeanSearchClient/.lake/build/lib/lean:/Users/richardzandi/godelnumbering/.lake/packages/plausible/.lake/build/lib/lean:/Users/richardzandi/godelnumbering/.lake/packages/mathlib/.lake/build/lib/lean:/Users/richardzandi/godelnumbering/.lake/build/lib/lean /Users/richardzandi/.elan/toolchains/leanprover--lean4---v4.20.0/bin/lean -DautoImplicit=false /Users/richardzandi/godelnumbering/Godelnumbering/Godelnumbering.lean -R /Users/richardzandi/godelnumbering -o /Users/richardzandi/godelnumbering/.lake/build/lib/lean/Godelnumbering/Godelnumbering.olean -i /Users/richardzandi/godelnumbering/.lake/build/lib/lean/Godelnumbering/Godelnumbering.ilean -c /Users/richardzandi/godelnumbering/.lake/build/ir/Godelnumbering/Godelnumbering.c --json",
   "level": "trace"}],
 "inputs":
 [["Godelnumbering.Godelnumbering:deps",
   [["deps",
     [["godelnumbering/godelnumbering:extraDep",
       [["@godelnumbering:extraDep", "1723"]]],
      ["import oleans",
       [["Godelnumbering.Computability.Godel:olean",
         [["Godelnumbering.Computability.Godel:deps", "15065918860613759047"],
          ["/Users/richardzandi/godelnumbering/.lake/build/lib/lean/Godelnumbering/Computability/Godel.olean",
           "16055975998233121419"]]]]]]],
    ["libs",
     [["import dynlibs", "1723"],
      ["package external libraries", "1723"],
      ["module dynlibs", "1723"],
      ["module plugins", "1723"]]]]],
  ["Lean 4.20.0, commit 77cfc4d1a4f6ef6651792b781eaa6676b4f3f060",
   "16311077432335102250"],
  ["Module.leanArgs: #[-DautoImplicit=false]", "9493458992184788043"],
  ["/Users/richardzandi/godelnumbering/Godelnumbering/Godelnumbering.lean",
   "1583875313292374108"]],
 "depHash": "10984810892476474105"}