{"log":
 [{"message":
   ".> LEAN_PATH=/Users/richardzandi/godelnumbering/.lake/packages/Cli/.lake/build/lib/lean:/Users/richardzandi/godelnumbering/.lake/packages/batteries/.lake/build/lib/lean:/Users/richardzandi/godelnumbering/.lake/packages/Qq/.lake/build/lib/lean:/Users/richardzandi/godelnumbering/.lake/packages/aesop/.lake/build/lib/lean:/Users/richardzandi/godelnumbering/.lake/packages/proofwidgets/.lake/build/lib/lean:/Users/richardzandi/godelnumbering/.lake/packages/importGraph/.lake/build/lib/lean:/Users/richardzandi/godelnumbering/.lake/packages/LeanSearchClient/.lake/build/lib/lean:/Users/richardzandi/godelnumbering/.lake/packages/plausible/.lake/build/lib/lean:/Users/richardzandi/godelnumbering/.lake/packages/mathlib/.lake/build/lib/lean:/Users/richardzandi/godelnumbering/.lake/build/lib/lean /Users/richardzandi/.elan/toolchains/leanprover--lean4---v4.20.0/bin/lean -DautoImplicit=false /Users/richardzandi/godelnumbering/Godelnumbering/Instances.lean -R /Users/richardzandi/godelnumbering -o /Users/richardzandi/godelnumbering/.lake/build/lib/lean/Godelnumbering/Instances.olean -i /Users/richardzandi/godelnumbering/.lake/build/lib/lean/Godelnumbering/Instances.ilean -c /Users/richardzandi/godelnumbering/.lake/build/ir/Godelnumbering/Instances.c --json",
   "level": "trace"},
  {"message":
   "/Users/richardzandi/godelnumbering/Godelnumbering/Instances.lean:63:0: -- Found 0 errors in 7 declarations (plus 5 automatically generated ones) in the current file with 15 linters\n\n\n-- All linting checks passed!",
   "level": "info"}],
 "inputs":
 [["Godelnumbering.Instances:deps",
   [["deps",
     [["godelnumbering/godelnumbering:extraDep",
       [["@godelnumbering:extraDep", "1723"]]],
      ["import oleans",
       [["Mathlib.Computability.Primrec:olean",
         [["Mathlib.Computability.Primrec:deps", "5257828204211658848"],
          ["/Users/richardzandi/godelnumbering/.lake/packages/mathlib/.lake/build/lib/lean/Mathlib/Computability/Primrec.olean",
           "3549641494788880141"]]],
        ["Mathlib.Computability.Partrec:olean",
         [["Mathlib.Computability.Partrec:deps", "8890583109412615506"],
          ["/Users/richardzandi/godelnumbering/.lake/packages/mathlib/.lake/build/lib/lean/Mathlib/Computability/Partrec.olean",
           "10729924847994132739"]]],
        ["Godelnumbering.Godel:olean",
         [["Godelnumbering.Godel:deps", "15065918860613759047"],
          ["/Users/richardzandi/godelnumbering/.lake/build/lib/lean/Godelnumbering/Godel.olean",
           "7728924750064277451"]]]]]]],
    ["libs",
     [["import dynlibs", "1723"],
      ["package external libraries", "1723"],
      ["module dynlibs", "1723"],
      ["module plugins", "1723"]]]]],
  ["Lean 4.20.0, commit 77cfc4d1a4f6ef6651792b781eaa6676b4f3f060",
   "16311077432335102250"],
  ["Module.leanArgs: #[-DautoImplicit=false]", "9493458992184788043"],
  ["/Users/richardzandi/godelnumbering/Godelnumbering/Instances.lean",
   "5713007238914521196"]],
 "depHash": "7525881420746909851"}