{"log":
 [{"message":
   ".> LEAN_PATH=/Users/richardzandi/godelnumbering/.lake/packages/Cli/.lake/build/lib/lean:/Users/richardzandi/godelnumbering/.lake/packages/batteries/.lake/build/lib/lean:/Users/richardzandi/godelnumbering/.lake/packages/Qq/.lake/build/lib/lean:/Users/richardzandi/godelnumbering/.lake/packages/aesop/.lake/build/lib/lean:/Users/richardzandi/godelnumbering/.lake/packages/proofwidgets/.lake/build/lib/lean:/Users/richardzandi/godelnumbering/.lake/packages/importGraph/.lake/build/lib/lean:/Users/richardzandi/godelnumbering/.lake/packages/LeanSearchClient/.lake/build/lib/lean:/Users/richardzandi/godelnumbering/.lake/packages/plausible/.lake/build/lib/lean:/Users/richardzandi/godelnumbering/.lake/packages/mathlib/.lake/build/lib/lean:/Users/richardzandi/godelnumbering/.lake/build/lib/lean /Users/richardzandi/.elan/toolchains/leanprover--lean4---v4.20.0/bin/lean -DautoImplicit=false /Users/richardzandi/godelnumbering/Godelnumbering/Transport.lean -R /Users/richardzandi/godelnumbering -o /Users/richardzandi/godelnumbering/.lake/build/lib/lean/Godelnumbering/Transport.olean -i /Users/richardzandi/godelnumbering/.lake/build/lib/lean/Godelnumbering/Transport.ilean -c /Users/richardzandi/godelnumbering/.lake/build/ir/Godelnumbering/Transport.c --json",
   "level": "trace"},
  {"message":
   "/Users/richardzandi/godelnumbering/Godelnumbering/Transport.lean:109:0: -- Found 0 errors in 7 declarations (plus 14 automatically generated ones) in the current file with 15 linters\n\n\n-- All linting checks passed!",
   "level": "info"}],
 "inputs":
 [["Godelnumbering.Transport:deps",
   [["deps",
     [["godelnumbering/godelnumbering:extraDep",
       [["@godelnumbering:extraDep", "1723"]]],
      ["import oleans",
       [["Mathlib.Computability.PartrecCode:olean",
         [["Mathlib.Computability.PartrecCode:deps", "896383515981907075"],
          ["/Users/richardzandi/godelnumbering/.lake/packages/mathlib/.lake/build/lib/lean/Mathlib/Computability/PartrecCode.olean",
           "7766753750473371895"]]],
        ["Godelnumbering.Godel:olean",
         [["Godelnumbering.Godel:deps", "15065918860613759047"],
          ["/Users/richardzandi/godelnumbering/.lake/build/lib/lean/Godelnumbering/Godel.olean",
           "7728924750064277451"]]],
        ["Mathlib.ModelTheory.Syntax:olean",
         [["Mathlib.ModelTheory.Syntax:deps", "1101007749254920325"],
          ["/Users/richardzandi/godelnumbering/.lake/packages/mathlib/.lake/build/lib/lean/Mathlib/ModelTheory/Syntax.olean",
           "12282574392605800797"]]]]]]],
    ["libs",
     [["import dynlibs", "1723"],
      ["package external libraries", "1723"],
      ["module dynlibs", "1723"],
      ["module plugins", "1723"]]]]],
  ["Lean 4.20.0, commit 77cfc4d1a4f6ef6651792b781eaa6676b4f3f060",
   "16311077432335102250"],
  ["Module.leanArgs: #[-DautoImplicit=false]", "9493458992184788043"],
  ["/Users/richardzandi/godelnumbering/Godelnumbering/Transport.lean",
   "15329952411725314263"]],
 "depHash": "15936070447948159415"}